<?xml version="1.0" encoding="UTF-8"?>
<!-- Generated by org.testng.reporters.JUnitReportReporter -->
<testsuite skipped="0" hostname="LT0105879" name="com.testCases.TC_LoginTest_001" tests="1" failures="0" timestamp="2020-09-28T19:44:16 IST" time="55.928" errors="0">
  <testcase name="loginTest" time="55.928" classname="com.testCases.TC_LoginTest_001"/>
  <system-out/>
</testsuite> <!-- com.testCases.TC_LoginTest_001 -->
